[2026-06-08T05:30:15.528Z] ACTION: REGISTER | DETAILS: {"email":"ggggg@mail.com","role":"user","userId":12}
[2026-06-08T05:30:36.405Z] ACTION: REGISTER | DETAILS: {"email":"ggg@mail.com","role":"user","userId":13}
[2026-06-08T05:30:50.132Z] ACTION: LOGIN | DETAILS: {"email":"ggg@mail.com","userId":13,"role":"user"}
[2026-06-08T05:31:47.604Z] ACTION: LOGIN | DETAILS: {"email":"ggg@mail.com","userId":13,"role":"user"}
[2026-06-08T05:32:51.555Z] ACTION: BOOKING_CREATE | DETAILS: {"bookingId":21,"user_id":13,"room_id":5,"booking_date":"2026-06-16","start_time":"11:00","end_time":"20:00"}
[2026-06-08T05:33:01.290Z] ACTION: BOOKING_CANCEL | DETAILS: {"bookingId":"21","cancelledBy":13,"role":"user"}
[2026-06-08T05:38:06.047Z] ACTION: BOOKING_CREATE | DETAILS: {"bookingId":22,"user_id":13,"room_id":2,"booking_date":"2026-06-09","start_time":"20:00","end_time":"22:00"}
[2026-06-08T05:39:01.557Z] ACTION: BOOKING_CANCEL | DETAILS: {"bookingId":"17","cancelledBy":13,"role":"admin"}
[2026-06-08T05:39:07.411Z] ACTION: BOOKING_CANCEL | DETAILS: {"bookingId":"19","cancelledBy":13,"role":"admin"}
[2026-06-08T05:41:39.060Z] ACTION: BOOKING_CANCEL | DETAILS: {"bookingId":"18","cancelledBy":13,"role":"admin"}
[2026-06-08T05:41:40.515Z] ACTION: BOOKING_CANCEL | DETAILS: {"bookingId":"13","cancelledBy":13,"role":"admin"}
[2026-06-08T05:41:41.941Z] ACTION: BOOKING_CANCEL | DETAILS: {"bookingId":"15","cancelledBy":13,"role":"admin"}
[2026-06-08T05:41:43.777Z] ACTION: BOOKING_CANCEL | DETAILS: {"bookingId":"14","cancelledBy":13,"role":"admin"}
[2026-06-08T05:41:47.514Z] ACTION: BOOKING_CANCEL | DETAILS: {"bookingId":"9","cancelledBy":13,"role":"admin"}
[2026-06-08T05:41:49.550Z] ACTION: BOOKING_CANCEL | DETAILS: {"bookingId":"11","cancelledBy":13,"role":"admin"}
[2026-06-08T05:41:51.500Z] ACTION: BOOKING_CANCEL | DETAILS: {"bookingId":"10","cancelledBy":13,"role":"admin"}
[2026-06-08T05:41:54.014Z] ACTION: BOOKING_CANCEL | DETAILS: {"bookingId":"5","cancelledBy":13,"role":"admin"}
[2026-06-08T05:41:56.746Z] ACTION: BOOKING_CANCEL | DETAILS: {"bookingId":"7","cancelledBy":13,"role":"admin"}
[2026-06-08T05:41:58.964Z] ACTION: BOOKING_CANCEL | DETAILS: {"bookingId":"6","cancelledBy":13,"role":"admin"}
[2026-06-08T05:42:00.989Z] ACTION: BOOKING_CANCEL | DETAILS: {"bookingId":"1","cancelledBy":13,"role":"admin"}
[2026-06-08T05:42:02.954Z] ACTION: BOOKING_CANCEL | DETAILS: {"bookingId":"3","cancelledBy":13,"role":"admin"}
[2026-06-08T05:42:04.482Z] ACTION: BOOKING_CANCEL | DETAILS: {"bookingId":"2","cancelledBy":13,"role":"admin"}
[2026-06-08T05:42:06.127Z] ACTION: BOOKING_CANCEL | DETAILS: {"bookingId":"22","cancelledBy":13,"role":"admin"}
[2026-06-08T05:42:19.156Z] ACTION: BOOKING_CREATE | DETAILS: {"bookingId":23,"user_id":13,"room_id":1,"booking_date":"2026-06-16","start_time":"11:00","end_time":"20:00"}
[2026-06-08T05:45:23.309Z] ACTION: BOOKING_CREATE | DETAILS: {"bookingId":24,"user_id":13,"room_id":4,"booking_date":"2026-06-25","start_time":"10:00","end_time":"21:00"}
[2026-06-08T05:45:38.544Z] ACTION: BOOKING_CANCEL | DETAILS: {"bookingId":"23","cancelledBy":13,"role":"admin"}
[2026-06-08T05:45:40.636Z] ACTION: BOOKING_CANCEL | DETAILS: {"bookingId":"24","cancelledBy":13,"role":"admin"}
[2026-06-08T07:07:29.074Z] ACTION: REGISTER | DETAILS: {"email":"test@eeee.com","role":"user","userId":14}
[2026-06-08T07:13:37.981Z] ACTION: REGISTER | DETAILS: {"email":"test@door.com","role":"user","userId":15}
[2026-06-08T07:13:42.138Z] ACTION: LOGIN | DETAILS: {"email":"test@door.com","userId":15,"role":"user"}
[2026-06-11T18:32:54.209Z] ACTION: REGISTER | DETAILS: {"email":"fff@test.org","role":"user","userId":16}
[2026-06-11T18:32:58.436Z] ACTION: LOGIN | DETAILS: {"email":"fff@test.org","userId":16,"role":"user"}
[2026-06-11T18:33:13.951Z] ACTION: BOOKING_CREATE | DETAILS: {"bookingId":25,"user_id":16,"room_id":2,"booking_date":"2026-07-02","start_time":"10:00","end_time":"12:00"}
[2026-06-11T18:33:18.501Z] ACTION: BOOKING_CANCEL | DETAILS: {"bookingId":"25","cancelledBy":16,"role":"user"}
[2026-06-11T18:37:34.351Z] ACTION: LOGIN | DETAILS: {"email":"admin@cowork.space","userId":1,"role":"admin"}
[2026-06-11T18:38:22.211Z] ACTION: BOOKING_CREATE | DETAILS: {"bookingId":26,"user_id":1,"room_id":1,"booking_date":"2026-06-16","start_time":"10:00","end_time":"22:00"}
[2026-06-11T18:38:28.686Z] ACTION: BOOKING_CANCEL | DETAILS: {"bookingId":"26","cancelledBy":1,"role":"admin"}
[2026-06-11T18:47:01.789Z] ACTION: LOGIN | DETAILS: {"email":"admin@cowork.space","userId":1,"role":"admin"}
[2026-06-11T18:48:27.933Z] ACTION: BOOKING_CREATE | DETAILS: {"bookingId":27,"user_id":1,"room_id":5,"booking_date":"2026-06-24","start_time":"20:00","end_time":"22:00"}
[2026-06-11T18:48:48.043Z] ACTION: BOOKING_CANCEL | DETAILS: {"bookingId":"27","cancelledBy":1,"role":"admin"}
[2026-06-12T03:54:00.221Z] ACTION: LOGIN | DETAILS: {"email":"admin@cowork.space","userId":1,"role":"admin"}
